2025-06-07 14:20:14.383 [INFO] Begin to build package : xLuaAndYooAssets by BuiltinBuildPipeline
2025-06-07 14:20:14.383 [INFO] --------------------------------------------->TaskPrepare<--------------------------------------------
2025-06-07 14:20:14.384 [WARN] [ErrorCode130] Starting with UnityEngine2021, recommend use script build pipeline (SBP) !
2025-06-07 14:20:14.385 [INFO] TaskPrepare It takes 0 seconds in total
2025-06-07 14:20:14.385 [INFO] --------------------------------------------->TaskGetBuildMap<--------------------------------------------
2025-06-07 14:20:30.425 [INFO] TaskGetBuildMap It takes 16 seconds in total
2025-06-07 14:20:30.426 [INFO] --------------------------------------------->TaskBuilding<--------------------------------------------
2025-06-07 14:21:03.932 [INFO] UnityEngine build success !
2025-06-07 14:21:03.932 [INFO] TaskBuilding It takes 33 seconds in total
2025-06-07 14:21:03.932 [INFO] --------------------------------------------->TaskVerifyBuildResult<--------------------------------------------
2025-06-07 14:21:03.934 [INFO] Build results verify success!
2025-06-07 14:21:03.934 [INFO] TaskVerifyBuildResult It takes 0 seconds in total
2025-06-07 14:21:03.934 [INFO] --------------------------------------------->TaskEncryption<--------------------------------------------
2025-06-07 14:21:03.934 [INFO] TaskEncryption It takes 0 seconds in total
2025-06-07 14:21:03.934 [INFO] --------------------------------------------->TaskUpdateBundleInfo<--------------------------------------------
2025-06-07 14:21:04.012 [INFO] TaskUpdateBundleInfo It takes 0 seconds in total
2025-06-07 14:21:04.012 [INFO] --------------------------------------------->TaskCreateManifest<--------------------------------------------
2025-06-07 14:21:04.020 [INFO] Create package manifest file: H:/Unity/Demo/xLuaAndYooAsset/Bundles/StandaloneWindows64/xLuaAndYooAssets/2025-06-07-860/xLuaAndYooAssets_2025-06-07-860.json
2025-06-07 14:21:04.043 [INFO] Create package manifest file: H:/Unity/Demo/xLuaAndYooAsset/Bundles/StandaloneWindows64/xLuaAndYooAssets/2025-06-07-860/xLuaAndYooAssets_2025-06-07-860.bytes
2025-06-07 14:21:04.044 [INFO] Create package manifest hash file: H:/Unity/Demo/xLuaAndYooAsset/Bundles/StandaloneWindows64/xLuaAndYooAssets/2025-06-07-860/xLuaAndYooAssets_2025-06-07-860.hash
2025-06-07 14:21:04.044 [INFO] Create package manifest version file: H:/Unity/Demo/xLuaAndYooAsset/Bundles/StandaloneWindows64/xLuaAndYooAssets/2025-06-07-860/xLuaAndYooAssets.version
2025-06-07 14:21:04.048 [INFO] TaskCreateManifest It takes 0 seconds in total
2025-06-07 14:21:04.048 [INFO] --------------------------------------------->TaskCreateReport<--------------------------------------------
2025-06-07 14:21:04.059 [INFO] Create build report file: H:/Unity/Demo/xLuaAndYooAsset/Bundles/StandaloneWindows64/xLuaAndYooAssets/2025-06-07-860/xLuaAndYooAssets_2025-06-07-860.report
2025-06-07 14:21:04.060 [INFO] TaskCreateReport It takes 0 seconds in total
2025-06-07 14:21:04.060 [INFO] --------------------------------------------->TaskCreatePackage<--------------------------------------------
2025-06-07 14:21:04.060 [INFO] Start making patch package: H:/Unity/Demo/xLuaAndYooAsset/Bundles/StandaloneWindows64/xLuaAndYooAssets/2025-06-07-860
2025-06-07 14:21:04.078 [INFO] TaskCreatePackage It takes 0 seconds in total
2025-06-07 14:21:04.078 [INFO] --------------------------------------------->TaskCopyBuildinFiles<--------------------------------------------
2025-06-07 14:21:04.078 [INFO] TaskCopyBuildinFiles It takes 0 seconds in total
2025-06-07 14:21:04.078 [INFO] --------------------------------------------->TaskCreateCatalog<--------------------------------------------
2025-06-07 14:21:04.079 [INFO] TaskCreateCatalog It takes 0 seconds in total
2025-06-07 14:21:04.079 [INFO] Total build process time: 49 seconds
2025-06-07 14:21:04.079 [INFO] Resource pipeline build success
